<?xml version="1.0" encoding="UTF-8"?>
<testsuite xmlns:xsi="http://www.w3.org/2001/XMLSchema-instance" xsi:noNamespaceSchemaLocation="https://maven.apache.org/surefire/maven-failsafe-plugin/xsd/failsafe-test-report.xsd" name="demo.DemoRunner" time="6.235" tests="2" errors="0" skipped="0" failures="1">
  <properties>
[...]
</properties>
  <testcase name="Buy pants and spend all money" classname="Question and Task factories" time="0.714"/>
  <testcase name="Buy socks and have money left" classname="Question and Task factories" time="0.159">
    <failure message="&#10;Expected: &quot;A lot of money left n&quot;&#10;     but: was &quot;A lot of money left&quot;" type="java.lang.AssertionError">java.lang.AssertionError: 

Expected: "A lot of money left n"
     but: was "A lot of money left"
</failure>
    <system-err><![CDATA[[main] INFO net.thucydides.core.steps.ConsoleLoggingListener - 
 _____ _____ ____ _____   ____ _____  _    ____ _____ _____ ____  
|_   _| ____/ ___|_   _| / ___|_   _|/ \  |  _ \_   _| ____|  _ \ 
  | | |  _| \___ \ | |   \___ \ | | / _ \ | |_) || | |  _| | | | |
  | | | |___ ___) || |    ___) || |/ ___ \|  _ < | | | |___| |_| |
  |_| |_____|____/ |_|   |____/ |_/_/   \_\_| \_\|_| |_____|____/ 
                                                                  

TEST STARTED: Buy socks and have money left
-------------------------------------------------------------------(question-and-task-factories;buy-socks-and-have-money-left)
[main] ERROR net.thucydides.core.steps.ConsoleLoggingListener - 
           __  _____ _____ ____ _____   _____ _    ___ _     _____ ____  
  _       / / |_   _| ____/ ___|_   _| |  ___/ \  |_ _| |   | ____|  _ \ 
 (_)_____| |    | | |  _| \___ \ | |   | |_ / _ \  | || |   |  _| | | | |
  _|_____| |    | | | |___ ___) || |   |  _/ ___ \ | || |___| |___| |_| |
 (_)     | |    |_| |_____|____/ |_|   |_|/_/   \_\___|_____|_____|____/ 
          \_\                                                            

TEST FAILED: Buy socks and have money left
--------------------------------------------------------------------------
[main] ERROR net.thucydides.core.steps.ConsoleLoggingListener - TEST FAILED AT STEP Then theres a ton of money should be 'A lot of money left n'
[main] ERROR net.thucydides.core.steps.ConsoleLoggingListener - Expected: "A lot of money left n" but: was "A lot of money left"
]]></system-err>
  </testcase>
</testsuite>